[13-Oct-2024 18:39:14 UTC] PHP Deprecated:  Creation of dynamic property ACF::$fields is deprecated in C:\xampp\htdocs\wptasks\wp-content\plugins\advanced-custom-fields-pro\includes\fields.php on line 138
[13-Oct-2024 18:39:14 UTC] PHP Deprecated:  Creation of dynamic property acf_loop::$loops is deprecated in C:\xampp\htdocs\wptasks\wp-content\plugins\advanced-custom-fields-pro\includes\loop.php on line 28
[13-Oct-2024 18:39:14 UTC] PHP Deprecated:  Creation of dynamic property ACF::$loop is deprecated in C:\xampp\htdocs\wptasks\wp-content\plugins\advanced-custom-fields-pro\includes\loop.php on line 269
[13-Oct-2024 18:39:14 UTC] PHP Deprecated:  Creation of dynamic property ACF::$revisions is deprecated in C:\xampp\htdocs\wptasks\wp-content\plugins\advanced-custom-fields-pro\includes\revisions.php on line 397
[13-Oct-2024 18:39:14 UTC] PHP Deprecated:  Creation of dynamic property acf_validation::$errors is deprecated in C:\xampp\htdocs\wptasks\wp-content\plugins\advanced-custom-fields-pro\includes\validation.php on line 28
[13-Oct-2024 18:39:14 UTC] PHP Deprecated:  Creation of dynamic property ACF::$validation is deprecated in C:\xampp\htdocs\wptasks\wp-content\plugins\advanced-custom-fields-pro\includes\validation.php on line 214
[13-Oct-2024 18:39:14 UTC] PHP Deprecated:  Creation of dynamic property acf_form_customizer::$preview_values is deprecated in C:\xampp\htdocs\wptasks\wp-content\plugins\advanced-custom-fields-pro\includes\forms\form-customizer.php on line 28
[13-Oct-2024 18:39:14 UTC] PHP Deprecated:  Creation of dynamic property acf_form_customizer::$preview_fields is deprecated in C:\xampp\htdocs\wptasks\wp-content\plugins\advanced-custom-fields-pro\includes\forms\form-customizer.php on line 29
[13-Oct-2024 18:39:14 UTC] PHP Deprecated:  Creation of dynamic property acf_form_customizer::$preview_errors is deprecated in C:\xampp\htdocs\wptasks\wp-content\plugins\advanced-custom-fields-pro\includes\forms\form-customizer.php on line 30
[13-Oct-2024 18:39:14 UTC] PHP Deprecated:  Creation of dynamic property ACF::$form_front is deprecated in C:\xampp\htdocs\wptasks\wp-content\plugins\advanced-custom-fields-pro\includes\forms\form-front.php on line 598
[13-Oct-2024 18:39:14 UTC] PHP Deprecated:  Creation of dynamic property acf_form_widget::$preview_values is deprecated in C:\xampp\htdocs\wptasks\wp-content\plugins\advanced-custom-fields-pro\includes\forms\form-widget.php on line 34
[13-Oct-2024 18:39:14 UTC] PHP Deprecated:  Creation of dynamic property acf_form_widget::$preview_reference is deprecated in C:\xampp\htdocs\wptasks\wp-content\plugins\advanced-custom-fields-pro\includes\forms\form-widget.php on line 35
[13-Oct-2024 18:39:14 UTC] PHP Deprecated:  Creation of dynamic property acf_form_widget::$preview_errors is deprecated in C:\xampp\htdocs\wptasks\wp-content\plugins\advanced-custom-fields-pro\includes\forms\form-widget.php on line 36
[13-Oct-2024 18:39:14 UTC] PHP Deprecated:  Creation of dynamic property ACF::$admin_tools is deprecated in C:\xampp\htdocs\wptasks\wp-content\plugins\advanced-custom-fields-pro\includes\admin\admin-tools.php on line 282
[13-Oct-2024 18:39:14 UTC] PHP Deprecated:  Creation of dynamic property acf_field_oembed::$width is deprecated in C:\xampp\htdocs\wptasks\wp-content\plugins\advanced-custom-fields-pro\includes\fields\class-acf-field-oembed.php on line 31
[13-Oct-2024 18:39:14 UTC] PHP Deprecated:  Creation of dynamic property acf_field_oembed::$height is deprecated in C:\xampp\htdocs\wptasks\wp-content\plugins\advanced-custom-fields-pro\includes\fields\class-acf-field-oembed.php on line 32
[13-Oct-2024 18:39:14 UTC] PHP Deprecated:  Creation of dynamic property acf_field_google_map::$default_values is deprecated in C:\xampp\htdocs\wptasks\wp-content\plugins\advanced-custom-fields-pro\includes\fields\class-acf-field-google-map.php on line 33
[13-Oct-2024 18:39:14 UTC] PHP Deprecated:  Creation of dynamic property acf_field__group::$have_rows is deprecated in C:\xampp\htdocs\wptasks\wp-content\plugins\advanced-custom-fields-pro\includes\fields\class-acf-field-group.php on line 31
[13-Oct-2024 18:39:14 UTC] PHP Deprecated:  Creation of dynamic property acf_field_clone::$cloning is deprecated in C:\xampp\htdocs\wptasks\wp-content\plugins\advanced-custom-fields-pro\pro\fields\class-acf-field-clone.php on line 34
[13-Oct-2024 18:39:14 UTC] PHP Deprecated:  Creation of dynamic property acf_field_clone::$have_rows is deprecated in C:\xampp\htdocs\wptasks\wp-content\plugins\advanced-custom-fields-pro\pro\fields\class-acf-field-clone.php on line 35
[13-Oct-2024 18:39:23 UTC] PHP Deprecated:  Creation of dynamic property ACF::$fields is deprecated in C:\xampp\htdocs\wptasks\wp-content\plugins\advanced-custom-fields-pro\includes\fields.php on line 138
[13-Oct-2024 18:39:23 UTC] PHP Deprecated:  Creation of dynamic property acf_loop::$loops is deprecated in C:\xampp\htdocs\wptasks\wp-content\plugins\advanced-custom-fields-pro\includes\loop.php on line 28
[13-Oct-2024 18:39:23 UTC] PHP Deprecated:  Creation of dynamic property ACF::$loop is deprecated in C:\xampp\htdocs\wptasks\wp-content\plugins\advanced-custom-fields-pro\includes\loop.php on line 269
[13-Oct-2024 18:39:23 UTC] PHP Deprecated:  Creation of dynamic property ACF::$revisions is deprecated in C:\xampp\htdocs\wptasks\wp-content\plugins\advanced-custom-fields-pro\includes\revisions.php on line 397
[13-Oct-2024 18:39:23 UTC] PHP Deprecated:  Creation of dynamic property acf_validation::$errors is deprecated in C:\xampp\htdocs\wptasks\wp-content\plugins\advanced-custom-fields-pro\includes\validation.php on line 28
[13-Oct-2024 18:39:23 UTC] PHP Deprecated:  Creation of dynamic property ACF::$validation is deprecated in C:\xampp\htdocs\wptasks\wp-content\plugins\advanced-custom-fields-pro\includes\validation.php on line 214
[13-Oct-2024 18:39:23 UTC] PHP Deprecated:  Creation of dynamic property acf_form_customizer::$preview_values is deprecated in C:\xampp\htdocs\wptasks\wp-content\plugins\advanced-custom-fields-pro\includes\forms\form-customizer.php on line 28
[13-Oct-2024 18:39:23 UTC] PHP Deprecated:  Creation of dynamic property acf_form_customizer::$preview_fields is deprecated in C:\xampp\htdocs\wptasks\wp-content\plugins\advanced-custom-fields-pro\includes\forms\form-customizer.php on line 29
[13-Oct-2024 18:39:23 UTC] PHP Deprecated:  Creation of dynamic property acf_form_customizer::$preview_errors is deprecated in C:\xampp\htdocs\wptasks\wp-content\plugins\advanced-custom-fields-pro\includes\forms\form-customizer.php on line 30
[13-Oct-2024 18:39:23 UTC] PHP Deprecated:  Creation of dynamic property ACF::$form_front is deprecated in C:\xampp\htdocs\wptasks\wp-content\plugins\advanced-custom-fields-pro\includes\forms\form-front.php on line 598
[13-Oct-2024 18:39:23 UTC] PHP Deprecated:  Creation of dynamic property acf_form_widget::$preview_values is deprecated in C:\xampp\htdocs\wptasks\wp-content\plugins\advanced-custom-fields-pro\includes\forms\form-widget.php on line 34
[13-Oct-2024 18:39:23 UTC] PHP Deprecated:  Creation of dynamic property acf_form_widget::$preview_reference is deprecated in C:\xampp\htdocs\wptasks\wp-content\plugins\advanced-custom-fields-pro\includes\forms\form-widget.php on line 35
[13-Oct-2024 18:39:23 UTC] PHP Deprecated:  Creation of dynamic property acf_form_widget::$preview_errors is deprecated in C:\xampp\htdocs\wptasks\wp-content\plugins\advanced-custom-fields-pro\includes\forms\form-widget.php on line 36
[13-Oct-2024 18:39:23 UTC] PHP Deprecated:  Creation of dynamic property ACF::$admin_tools is deprecated in C:\xampp\htdocs\wptasks\wp-content\plugins\advanced-custom-fields-pro\includes\admin\admin-tools.php on line 282
[13-Oct-2024 18:39:23 UTC] PHP Deprecated:  Creation of dynamic property acf_field_oembed::$width is deprecated in C:\xampp\htdocs\wptasks\wp-content\plugins\advanced-custom-fields-pro\includes\fields\class-acf-field-oembed.php on line 31
[13-Oct-2024 18:39:23 UTC] PHP Deprecated:  Creation of dynamic property acf_field_oembed::$height is deprecated in C:\xampp\htdocs\wptasks\wp-content\plugins\advanced-custom-fields-pro\includes\fields\class-acf-field-oembed.php on line 32
[13-Oct-2024 18:39:23 UTC] PHP Deprecated:  Creation of dynamic property acf_field_google_map::$default_values is deprecated in C:\xampp\htdocs\wptasks\wp-content\plugins\advanced-custom-fields-pro\includes\fields\class-acf-field-google-map.php on line 33
[13-Oct-2024 18:39:23 UTC] PHP Deprecated:  Creation of dynamic property acf_field__group::$have_rows is deprecated in C:\xampp\htdocs\wptasks\wp-content\plugins\advanced-custom-fields-pro\includes\fields\class-acf-field-group.php on line 31
[13-Oct-2024 18:39:23 UTC] PHP Deprecated:  Creation of dynamic property acf_field_clone::$cloning is deprecated in C:\xampp\htdocs\wptasks\wp-content\plugins\advanced-custom-fields-pro\pro\fields\class-acf-field-clone.php on line 34
[13-Oct-2024 18:39:23 UTC] PHP Deprecated:  Creation of dynamic property acf_field_clone::$have_rows is deprecated in C:\xampp\htdocs\wptasks\wp-content\plugins\advanced-custom-fields-pro\pro\fields\class-acf-field-clone.php on line 35
[13-Oct-2024 18:39:23 UTC] PHP Deprecated:  Creation of dynamic property ACF_Admin_Tool_Import::$icon is deprecated in C:\xampp\htdocs\wptasks\wp-content\plugins\advanced-custom-fields-pro\includes\admin\tools\class-acf-admin-tool-import.php on line 29
[13-Oct-2024 18:39:23 UTC] PHP Deprecated:  Creation of dynamic property acf_field_checkbox::$_values is deprecated in C:\xampp\htdocs\wptasks\wp-content\plugins\advanced-custom-fields-pro\includes\fields\class-acf-field-checkbox.php on line 58
[13-Oct-2024 18:39:23 UTC] PHP Deprecated:  Creation of dynamic property acf_field_checkbox::$_all_checked is deprecated in C:\xampp\htdocs\wptasks\wp-content\plugins\advanced-custom-fields-pro\includes\fields\class-acf-field-checkbox.php on line 59
[13-Oct-2024 18:40:24 UTC] PHP Deprecated:  Creation of dynamic property ACF::$fields is deprecated in C:\xampp\htdocs\wptasks\wp-content\plugins\advanced-custom-fields-pro\includes\fields.php on line 138
[13-Oct-2024 18:40:24 UTC] PHP Deprecated:  Creation of dynamic property acf_loop::$loops is deprecated in C:\xampp\htdocs\wptasks\wp-content\plugins\advanced-custom-fields-pro\includes\loop.php on line 28
[13-Oct-2024 18:40:24 UTC] PHP Deprecated:  Creation of dynamic property ACF::$loop is deprecated in C:\xampp\htdocs\wptasks\wp-content\plugins\advanced-custom-fields-pro\includes\loop.php on line 269
[13-Oct-2024 18:40:24 UTC] PHP Deprecated:  Creation of dynamic property ACF::$revisions is deprecated in C:\xampp\htdocs\wptasks\wp-content\plugins\advanced-custom-fields-pro\includes\revisions.php on line 397
[13-Oct-2024 18:40:24 UTC] PHP Deprecated:  Creation of dynamic property acf_validation::$errors is deprecated in C:\xampp\htdocs\wptasks\wp-content\plugins\advanced-custom-fields-pro\includes\validation.php on line 28
[13-Oct-2024 18:40:24 UTC] PHP Deprecated:  Creation of dynamic property ACF::$validation is deprecated in C:\xampp\htdocs\wptasks\wp-content\plugins\advanced-custom-fields-pro\includes\validation.php on line 214
[13-Oct-2024 18:40:24 UTC] PHP Deprecated:  Creation of dynamic property acf_form_customizer::$preview_values is deprecated in C:\xampp\htdocs\wptasks\wp-content\plugins\advanced-custom-fields-pro\includes\forms\form-customizer.php on line 28
[13-Oct-2024 18:40:24 UTC] PHP Deprecated:  Creation of dynamic property acf_form_customizer::$preview_fields is deprecated in C:\xampp\htdocs\wptasks\wp-content\plugins\advanced-custom-fields-pro\includes\forms\form-customizer.php on line 29
[13-Oct-2024 18:40:24 UTC] PHP Deprecated:  Creation of dynamic property acf_form_customizer::$preview_errors is deprecated in C:\xampp\htdocs\wptasks\wp-content\plugins\advanced-custom-fields-pro\includes\forms\form-customizer.php on line 30
[13-Oct-2024 18:40:24 UTC] PHP Deprecated:  Creation of dynamic property ACF::$form_front is deprecated in C:\xampp\htdocs\wptasks\wp-content\plugins\advanced-custom-fields-pro\includes\forms\form-front.php on line 598
[13-Oct-2024 18:40:24 UTC] PHP Deprecated:  Creation of dynamic property acf_form_widget::$preview_values is deprecated in C:\xampp\htdocs\wptasks\wp-content\plugins\advanced-custom-fields-pro\includes\forms\form-widget.php on line 34
[13-Oct-2024 18:40:24 UTC] PHP Deprecated:  Creation of dynamic property acf_form_widget::$preview_reference is deprecated in C:\xampp\htdocs\wptasks\wp-content\plugins\advanced-custom-fields-pro\includes\forms\form-widget.php on line 35
[13-Oct-2024 18:40:24 UTC] PHP Deprecated:  Creation of dynamic property acf_form_widget::$preview_errors is deprecated in C:\xampp\htdocs\wptasks\wp-content\plugins\advanced-custom-fields-pro\includes\forms\form-widget.php on line 36
[13-Oct-2024 18:40:24 UTC] PHP Deprecated:  Creation of dynamic property ACF::$admin_tools is deprecated in C:\xampp\htdocs\wptasks\wp-content\plugins\advanced-custom-fields-pro\includes\admin\admin-tools.php on line 282
[13-Oct-2024 18:40:24 UTC] PHP Deprecated:  Creation of dynamic property acf_field_oembed::$width is deprecated in C:\xampp\htdocs\wptasks\wp-content\plugins\advanced-custom-fields-pro\includes\fields\class-acf-field-oembed.php on line 31
[13-Oct-2024 18:40:24 UTC] PHP Deprecated:  Creation of dynamic property acf_field_oembed::$height is deprecated in C:\xampp\htdocs\wptasks\wp-content\plugins\advanced-custom-fields-pro\includes\fields\class-acf-field-oembed.php on line 32
[13-Oct-2024 18:40:24 UTC] PHP Deprecated:  Creation of dynamic property acf_field_google_map::$default_values is deprecated in C:\xampp\htdocs\wptasks\wp-content\plugins\advanced-custom-fields-pro\includes\fields\class-acf-field-google-map.php on line 33
[13-Oct-2024 18:40:24 UTC] PHP Deprecated:  Creation of dynamic property acf_field__group::$have_rows is deprecated in C:\xampp\htdocs\wptasks\wp-content\plugins\advanced-custom-fields-pro\includes\fields\class-acf-field-group.php on line 31
[13-Oct-2024 18:40:24 UTC] PHP Deprecated:  Creation of dynamic property acf_field_clone::$cloning is deprecated in C:\xampp\htdocs\wptasks\wp-content\plugins\advanced-custom-fields-pro\pro\fields\class-acf-field-clone.php on line 34
[13-Oct-2024 18:40:24 UTC] PHP Deprecated:  Creation of dynamic property acf_field_clone::$have_rows is deprecated in C:\xampp\htdocs\wptasks\wp-content\plugins\advanced-custom-fields-pro\pro\fields\class-acf-field-clone.php on line 35
[13-Oct-2024 18:42:25 UTC] PHP Deprecated:  Creation of dynamic property ACF::$fields is deprecated in C:\xampp\htdocs\wptasks\wp-content\plugins\advanced-custom-fields-pro\includes\fields.php on line 138
[13-Oct-2024 18:42:25 UTC] PHP Deprecated:  Creation of dynamic property acf_loop::$loops is deprecated in C:\xampp\htdocs\wptasks\wp-content\plugins\advanced-custom-fields-pro\includes\loop.php on line 28
[13-Oct-2024 18:42:25 UTC] PHP Deprecated:  Creation of dynamic property ACF::$loop is deprecated in C:\xampp\htdocs\wptasks\wp-content\plugins\advanced-custom-fields-pro\includes\loop.php on line 269
[13-Oct-2024 18:42:25 UTC] PHP Deprecated:  Creation of dynamic property ACF::$revisions is deprecated in C:\xampp\htdocs\wptasks\wp-content\plugins\advanced-custom-fields-pro\includes\revisions.php on line 397
[13-Oct-2024 18:42:25 UTC] PHP Deprecated:  Creation of dynamic property acf_validation::$errors is deprecated in C:\xampp\htdocs\wptasks\wp-content\plugins\advanced-custom-fields-pro\includes\validation.php on line 28
[13-Oct-2024 18:42:25 UTC] PHP Deprecated:  Creation of dynamic property ACF::$validation is deprecated in C:\xampp\htdocs\wptasks\wp-content\plugins\advanced-custom-fields-pro\includes\validation.php on line 214
[13-Oct-2024 18:42:25 UTC] PHP Deprecated:  Creation of dynamic property acf_form_customizer::$preview_values is deprecated in C:\xampp\htdocs\wptasks\wp-content\plugins\advanced-custom-fields-pro\includes\forms\form-customizer.php on line 28
[13-Oct-2024 18:42:25 UTC] PHP Deprecated:  Creation of dynamic property acf_form_customizer::$preview_fields is deprecated in C:\xampp\htdocs\wptasks\wp-content\plugins\advanced-custom-fields-pro\includes\forms\form-customizer.php on line 29
[13-Oct-2024 18:42:25 UTC] PHP Deprecated:  Creation of dynamic property acf_form_customizer::$preview_errors is deprecated in C:\xampp\htdocs\wptasks\wp-content\plugins\advanced-custom-fields-pro\includes\forms\form-customizer.php on line 30
[13-Oct-2024 18:42:25 UTC] PHP Deprecated:  Creation of dynamic property ACF::$form_front is deprecated in C:\xampp\htdocs\wptasks\wp-content\plugins\advanced-custom-fields-pro\includes\forms\form-front.php on line 598
[13-Oct-2024 18:42:25 UTC] PHP Deprecated:  Creation of dynamic property acf_form_widget::$preview_values is deprecated in C:\xampp\htdocs\wptasks\wp-content\plugins\advanced-custom-fields-pro\includes\forms\form-widget.php on line 34
[13-Oct-2024 18:42:25 UTC] PHP Deprecated:  Creation of dynamic property acf_form_widget::$preview_reference is deprecated in C:\xampp\htdocs\wptasks\wp-content\plugins\advanced-custom-fields-pro\includes\forms\form-widget.php on line 35
[13-Oct-2024 18:42:25 UTC] PHP Deprecated:  Creation of dynamic property acf_form_widget::$preview_errors is deprecated in C:\xampp\htdocs\wptasks\wp-content\plugins\advanced-custom-fields-pro\includes\forms\form-widget.php on line 36
[13-Oct-2024 18:42:25 UTC] PHP Deprecated:  Creation of dynamic property ACF::$admin_tools is deprecated in C:\xampp\htdocs\wptasks\wp-content\plugins\advanced-custom-fields-pro\includes\admin\admin-tools.php on line 282
[13-Oct-2024 18:42:25 UTC] PHP Deprecated:  Creation of dynamic property acf_field_oembed::$width is deprecated in C:\xampp\htdocs\wptasks\wp-content\plugins\advanced-custom-fields-pro\includes\fields\class-acf-field-oembed.php on line 31
[13-Oct-2024 18:42:25 UTC] PHP Deprecated:  Creation of dynamic property acf_field_oembed::$height is deprecated in C:\xampp\htdocs\wptasks\wp-content\plugins\advanced-custom-fields-pro\includes\fields\class-acf-field-oembed.php on line 32
[13-Oct-2024 18:42:25 UTC] PHP Deprecated:  Creation of dynamic property acf_field_google_map::$default_values is deprecated in C:\xampp\htdocs\wptasks\wp-content\plugins\advanced-custom-fields-pro\includes\fields\class-acf-field-google-map.php on line 33
[13-Oct-2024 18:42:25 UTC] PHP Deprecated:  Creation of dynamic property acf_field__group::$have_rows is deprecated in C:\xampp\htdocs\wptasks\wp-content\plugins\advanced-custom-fields-pro\includes\fields\class-acf-field-group.php on line 31
[13-Oct-2024 18:42:25 UTC] PHP Deprecated:  Creation of dynamic property acf_field_clone::$cloning is deprecated in C:\xampp\htdocs\wptasks\wp-content\plugins\advanced-custom-fields-pro\pro\fields\class-acf-field-clone.php on line 34
[13-Oct-2024 18:42:25 UTC] PHP Deprecated:  Creation of dynamic property acf_field_clone::$have_rows is deprecated in C:\xampp\htdocs\wptasks\wp-content\plugins\advanced-custom-fields-pro\pro\fields\class-acf-field-clone.php on line 35
[13-Oct-2024 18:44:26 UTC] PHP Deprecated:  Creation of dynamic property ACF::$fields is deprecated in C:\xampp\htdocs\wptasks\wp-content\plugins\advanced-custom-fields-pro\includes\fields.php on line 138
[13-Oct-2024 18:44:26 UTC] PHP Deprecated:  Creation of dynamic property acf_loop::$loops is deprecated in C:\xampp\htdocs\wptasks\wp-content\plugins\advanced-custom-fields-pro\includes\loop.php on line 28
[13-Oct-2024 18:44:26 UTC] PHP Deprecated:  Creation of dynamic property ACF::$loop is deprecated in C:\xampp\htdocs\wptasks\wp-content\plugins\advanced-custom-fields-pro\includes\loop.php on line 269
[13-Oct-2024 18:44:26 UTC] PHP Deprecated:  Creation of dynamic property ACF::$revisions is deprecated in C:\xampp\htdocs\wptasks\wp-content\plugins\advanced-custom-fields-pro\includes\revisions.php on line 397
[13-Oct-2024 18:44:26 UTC] PHP Deprecated:  Creation of dynamic property acf_validation::$errors is deprecated in C:\xampp\htdocs\wptasks\wp-content\plugins\advanced-custom-fields-pro\includes\validation.php on line 28
[13-Oct-2024 18:44:26 UTC] PHP Deprecated:  Creation of dynamic property ACF::$validation is deprecated in C:\xampp\htdocs\wptasks\wp-content\plugins\advanced-custom-fields-pro\includes\validation.php on line 214
[13-Oct-2024 18:44:26 UTC] PHP Deprecated:  Creation of dynamic property acf_form_customizer::$preview_values is deprecated in C:\xampp\htdocs\wptasks\wp-content\plugins\advanced-custom-fields-pro\includes\forms\form-customizer.php on line 28
[13-Oct-2024 18:44:26 UTC] PHP Deprecated:  Creation of dynamic property acf_form_customizer::$preview_fields is deprecated in C:\xampp\htdocs\wptasks\wp-content\plugins\advanced-custom-fields-pro\includes\forms\form-customizer.php on line 29
[13-Oct-2024 18:44:26 UTC] PHP Deprecated:  Creation of dynamic property acf_form_customizer::$preview_errors is deprecated in C:\xampp\htdocs\wptasks\wp-content\plugins\advanced-custom-fields-pro\includes\forms\form-customizer.php on line 30
[13-Oct-2024 18:44:26 UTC] PHP Deprecated:  Creation of dynamic property ACF::$form_front is deprecated in C:\xampp\htdocs\wptasks\wp-content\plugins\advanced-custom-fields-pro\includes\forms\form-front.php on line 598
[13-Oct-2024 18:44:26 UTC] PHP Deprecated:  Creation of dynamic property acf_form_widget::$preview_values is deprecated in C:\xampp\htdocs\wptasks\wp-content\plugins\advanced-custom-fields-pro\includes\forms\form-widget.php on line 34
[13-Oct-2024 18:44:26 UTC] PHP Deprecated:  Creation of dynamic property acf_form_widget::$preview_reference is deprecated in C:\xampp\htdocs\wptasks\wp-content\plugins\advanced-custom-fields-pro\includes\forms\form-widget.php on line 35
[13-Oct-2024 18:44:26 UTC] PHP Deprecated:  Creation of dynamic property acf_form_widget::$preview_errors is deprecated in C:\xampp\htdocs\wptasks\wp-content\plugins\advanced-custom-fields-pro\includes\forms\form-widget.php on line 36
[13-Oct-2024 18:44:26 UTC] PHP Deprecated:  Creation of dynamic property ACF::$admin_tools is deprecated in C:\xampp\htdocs\wptasks\wp-content\plugins\advanced-custom-fields-pro\includes\admin\admin-tools.php on line 282
[13-Oct-2024 18:44:26 UTC] PHP Deprecated:  Creation of dynamic property acf_field_oembed::$width is deprecated in C:\xampp\htdocs\wptasks\wp-content\plugins\advanced-custom-fields-pro\includes\fields\class-acf-field-oembed.php on line 31
[13-Oct-2024 18:44:26 UTC] PHP Deprecated:  Creation of dynamic property acf_field_oembed::$height is deprecated in C:\xampp\htdocs\wptasks\wp-content\plugins\advanced-custom-fields-pro\includes\fields\class-acf-field-oembed.php on line 32
[13-Oct-2024 18:44:26 UTC] PHP Deprecated:  Creation of dynamic property acf_field_google_map::$default_values is deprecated in C:\xampp\htdocs\wptasks\wp-content\plugins\advanced-custom-fields-pro\includes\fields\class-acf-field-google-map.php on line 33
[13-Oct-2024 18:44:26 UTC] PHP Deprecated:  Creation of dynamic property acf_field__group::$have_rows is deprecated in C:\xampp\htdocs\wptasks\wp-content\plugins\advanced-custom-fields-pro\includes\fields\class-acf-field-group.php on line 31
[13-Oct-2024 18:44:26 UTC] PHP Deprecated:  Creation of dynamic property acf_field_clone::$cloning is deprecated in C:\xampp\htdocs\wptasks\wp-content\plugins\advanced-custom-fields-pro\pro\fields\class-acf-field-clone.php on line 34
[13-Oct-2024 18:44:26 UTC] PHP Deprecated:  Creation of dynamic property acf_field_clone::$have_rows is deprecated in C:\xampp\htdocs\wptasks\wp-content\plugins\advanced-custom-fields-pro\pro\fields\class-acf-field-clone.php on line 35
[13-Oct-2024 18:46:27 UTC] PHP Deprecated:  Creation of dynamic property ACF::$fields is deprecated in C:\xampp\htdocs\wptasks\wp-content\plugins\advanced-custom-fields-pro\includes\fields.php on line 138
[13-Oct-2024 18:46:27 UTC] PHP Deprecated:  Creation of dynamic property acf_loop::$loops is deprecated in C:\xampp\htdocs\wptasks\wp-content\plugins\advanced-custom-fields-pro\includes\loop.php on line 28
[13-Oct-2024 18:46:27 UTC] PHP Deprecated:  Creation of dynamic property ACF::$loop is deprecated in C:\xampp\htdocs\wptasks\wp-content\plugins\advanced-custom-fields-pro\includes\loop.php on line 269
[13-Oct-2024 18:46:27 UTC] PHP Deprecated:  Creation of dynamic property ACF::$revisions is deprecated in C:\xampp\htdocs\wptasks\wp-content\plugins\advanced-custom-fields-pro\includes\revisions.php on line 397
[13-Oct-2024 18:46:27 UTC] PHP Deprecated:  Creation of dynamic property acf_validation::$errors is deprecated in C:\xampp\htdocs\wptasks\wp-content\plugins\advanced-custom-fields-pro\includes\validation.php on line 28
[13-Oct-2024 18:46:27 UTC] PHP Deprecated:  Creation of dynamic property ACF::$validation is deprecated in C:\xampp\htdocs\wptasks\wp-content\plugins\advanced-custom-fields-pro\includes\validation.php on line 214
[13-Oct-2024 18:46:27 UTC] PHP Deprecated:  Creation of dynamic property acf_form_customizer::$preview_values is deprecated in C:\xampp\htdocs\wptasks\wp-content\plugins\advanced-custom-fields-pro\includes\forms\form-customizer.php on line 28
[13-Oct-2024 18:46:27 UTC] PHP Deprecated:  Creation of dynamic property acf_form_customizer::$preview_fields is deprecated in C:\xampp\htdocs\wptasks\wp-content\plugins\advanced-custom-fields-pro\includes\forms\form-customizer.php on line 29
[13-Oct-2024 18:46:27 UTC] PHP Deprecated:  Creation of dynamic property acf_form_customizer::$preview_errors is deprecated in C:\xampp\htdocs\wptasks\wp-content\plugins\advanced-custom-fields-pro\includes\forms\form-customizer.php on line 30
[13-Oct-2024 18:46:27 UTC] PHP Deprecated:  Creation of dynamic property ACF::$form_front is deprecated in C:\xampp\htdocs\wptasks\wp-content\plugins\advanced-custom-fields-pro\includes\forms\form-front.php on line 598
[13-Oct-2024 18:46:27 UTC] PHP Deprecated:  Creation of dynamic property acf_form_widget::$preview_values is deprecated in C:\xampp\htdocs\wptasks\wp-content\plugins\advanced-custom-fields-pro\includes\forms\form-widget.php on line 34
[13-Oct-2024 18:46:27 UTC] PHP Deprecated:  Creation of dynamic property acf_form_widget::$preview_reference is deprecated in C:\xampp\htdocs\wptasks\wp-content\plugins\advanced-custom-fields-pro\includes\forms\form-widget.php on line 35
[13-Oct-2024 18:46:27 UTC] PHP Deprecated:  Creation of dynamic property acf_form_widget::$preview_errors is deprecated in C:\xampp\htdocs\wptasks\wp-content\plugins\advanced-custom-fields-pro\includes\forms\form-widget.php on line 36
[13-Oct-2024 18:46:27 UTC] PHP Deprecated:  Creation of dynamic property ACF::$admin_tools is deprecated in C:\xampp\htdocs\wptasks\wp-content\plugins\advanced-custom-fields-pro\includes\admin\admin-tools.php on line 282
[13-Oct-2024 18:46:27 UTC] PHP Deprecated:  Creation of dynamic property acf_field_oembed::$width is deprecated in C:\xampp\htdocs\wptasks\wp-content\plugins\advanced-custom-fields-pro\includes\fields\class-acf-field-oembed.php on line 31
[13-Oct-2024 18:46:27 UTC] PHP Deprecated:  Creation of dynamic property acf_field_oembed::$height is deprecated in C:\xampp\htdocs\wptasks\wp-content\plugins\advanced-custom-fields-pro\includes\fields\class-acf-field-oembed.php on line 32
[13-Oct-2024 18:46:27 UTC] PHP Deprecated:  Creation of dynamic property acf_field_google_map::$default_values is deprecated in C:\xampp\htdocs\wptasks\wp-content\plugins\advanced-custom-fields-pro\includes\fields\class-acf-field-google-map.php on line 33
[13-Oct-2024 18:46:27 UTC] PHP Deprecated:  Creation of dynamic property acf_field__group::$have_rows is deprecated in C:\xampp\htdocs\wptasks\wp-content\plugins\advanced-custom-fields-pro\includes\fields\class-acf-field-group.php on line 31
[13-Oct-2024 18:46:27 UTC] PHP Deprecated:  Creation of dynamic property acf_field_clone::$cloning is deprecated in C:\xampp\htdocs\wptasks\wp-content\plugins\advanced-custom-fields-pro\pro\fields\class-acf-field-clone.php on line 34
[13-Oct-2024 18:46:27 UTC] PHP Deprecated:  Creation of dynamic property acf_field_clone::$have_rows is deprecated in C:\xampp\htdocs\wptasks\wp-content\plugins\advanced-custom-fields-pro\pro\fields\class-acf-field-clone.php on line 35
[13-Oct-2024 18:48:28 UTC] PHP Deprecated:  Creation of dynamic property ACF::$fields is deprecated in C:\xampp\htdocs\wptasks\wp-content\plugins\advanced-custom-fields-pro\includes\fields.php on line 138
[13-Oct-2024 18:48:28 UTC] PHP Deprecated:  Creation of dynamic property acf_loop::$loops is deprecated in C:\xampp\htdocs\wptasks\wp-content\plugins\advanced-custom-fields-pro\includes\loop.php on line 28
[13-Oct-2024 18:48:28 UTC] PHP Deprecated:  Creation of dynamic property ACF::$loop is deprecated in C:\xampp\htdocs\wptasks\wp-content\plugins\advanced-custom-fields-pro\includes\loop.php on line 269
[13-Oct-2024 18:48:28 UTC] PHP Deprecated:  Creation of dynamic property ACF::$revisions is deprecated in C:\xampp\htdocs\wptasks\wp-content\plugins\advanced-custom-fields-pro\includes\revisions.php on line 397
[13-Oct-2024 18:48:28 UTC] PHP Deprecated:  Creation of dynamic property acf_validation::$errors is deprecated in C:\xampp\htdocs\wptasks\wp-content\plugins\advanced-custom-fields-pro\includes\validation.php on line 28
[13-Oct-2024 18:48:28 UTC] PHP Deprecated:  Creation of dynamic property ACF::$validation is deprecated in C:\xampp\htdocs\wptasks\wp-content\plugins\advanced-custom-fields-pro\includes\validation.php on line 214
[13-Oct-2024 18:48:28 UTC] PHP Deprecated:  Creation of dynamic property acf_form_customizer::$preview_values is deprecated in C:\xampp\htdocs\wptasks\wp-content\plugins\advanced-custom-fields-pro\includes\forms\form-customizer.php on line 28
[13-Oct-2024 18:48:28 UTC] PHP Deprecated:  Creation of dynamic property acf_form_customizer::$preview_fields is deprecated in C:\xampp\htdocs\wptasks\wp-content\plugins\advanced-custom-fields-pro\includes\forms\form-customizer.php on line 29
[13-Oct-2024 18:48:28 UTC] PHP Deprecated:  Creation of dynamic property acf_form_customizer::$preview_errors is deprecated in C:\xampp\htdocs\wptasks\wp-content\plugins\advanced-custom-fields-pro\includes\forms\form-customizer.php on line 30
[13-Oct-2024 18:48:28 UTC] PHP Deprecated:  Creation of dynamic property ACF::$form_front is deprecated in C:\xampp\htdocs\wptasks\wp-content\plugins\advanced-custom-fields-pro\includes\forms\form-front.php on line 598
[13-Oct-2024 18:48:28 UTC] PHP Deprecated:  Creation of dynamic property acf_form_widget::$preview_values is deprecated in C:\xampp\htdocs\wptasks\wp-content\plugins\advanced-custom-fields-pro\includes\forms\form-widget.php on line 34
[13-Oct-2024 18:48:28 UTC] PHP Deprecated:  Creation of dynamic property acf_form_widget::$preview_reference is deprecated in C:\xampp\htdocs\wptasks\wp-content\plugins\advanced-custom-fields-pro\includes\forms\form-widget.php on line 35
[13-Oct-2024 18:48:28 UTC] PHP Deprecated:  Creation of dynamic property acf_form_widget::$preview_errors is deprecated in C:\xampp\htdocs\wptasks\wp-content\plugins\advanced-custom-fields-pro\includes\forms\form-widget.php on line 36
[13-Oct-2024 18:48:28 UTC] PHP Deprecated:  Creation of dynamic property ACF::$admin_tools is deprecated in C:\xampp\htdocs\wptasks\wp-content\plugins\advanced-custom-fields-pro\includes\admin\admin-tools.php on line 282
[13-Oct-2024 18:48:28 UTC] PHP Deprecated:  Creation of dynamic property acf_field_oembed::$width is deprecated in C:\xampp\htdocs\wptasks\wp-content\plugins\advanced-custom-fields-pro\includes\fields\class-acf-field-oembed.php on line 31
[13-Oct-2024 18:48:28 UTC] PHP Deprecated:  Creation of dynamic property acf_field_oembed::$height is deprecated in C:\xampp\htdocs\wptasks\wp-content\plugins\advanced-custom-fields-pro\includes\fields\class-acf-field-oembed.php on line 32
[13-Oct-2024 18:48:28 UTC] PHP Deprecated:  Creation of dynamic property acf_field_google_map::$default_values is deprecated in C:\xampp\htdocs\wptasks\wp-content\plugins\advanced-custom-fields-pro\includes\fields\class-acf-field-google-map.php on line 33
[13-Oct-2024 18:48:28 UTC] PHP Deprecated:  Creation of dynamic property acf_field__group::$have_rows is deprecated in C:\xampp\htdocs\wptasks\wp-content\plugins\advanced-custom-fields-pro\includes\fields\class-acf-field-group.php on line 31
[13-Oct-2024 18:48:28 UTC] PHP Deprecated:  Creation of dynamic property acf_field_clone::$cloning is deprecated in C:\xampp\htdocs\wptasks\wp-content\plugins\advanced-custom-fields-pro\pro\fields\class-acf-field-clone.php on line 34
[13-Oct-2024 18:48:28 UTC] PHP Deprecated:  Creation of dynamic property acf_field_clone::$have_rows is deprecated in C:\xampp\htdocs\wptasks\wp-content\plugins\advanced-custom-fields-pro\pro\fields\class-acf-field-clone.php on line 35
[13-Oct-2024 18:50:29 UTC] PHP Deprecated:  Creation of dynamic property ACF::$fields is deprecated in C:\xampp\htdocs\wptasks\wp-content\plugins\advanced-custom-fields-pro\includes\fields.php on line 138
[13-Oct-2024 18:50:29 UTC] PHP Deprecated:  Creation of dynamic property acf_loop::$loops is deprecated in C:\xampp\htdocs\wptasks\wp-content\plugins\advanced-custom-fields-pro\includes\loop.php on line 28
[13-Oct-2024 18:50:29 UTC] PHP Deprecated:  Creation of dynamic property ACF::$loop is deprecated in C:\xampp\htdocs\wptasks\wp-content\plugins\advanced-custom-fields-pro\includes\loop.php on line 269
[13-Oct-2024 18:50:29 UTC] PHP Deprecated:  Creation of dynamic property ACF::$revisions is deprecated in C:\xampp\htdocs\wptasks\wp-content\plugins\advanced-custom-fields-pro\includes\revisions.php on line 397
[13-Oct-2024 18:50:29 UTC] PHP Deprecated:  Creation of dynamic property acf_validation::$errors is deprecated in C:\xampp\htdocs\wptasks\wp-content\plugins\advanced-custom-fields-pro\includes\validation.php on line 28
[13-Oct-2024 18:50:29 UTC] PHP Deprecated:  Creation of dynamic property ACF::$validation is deprecated in C:\xampp\htdocs\wptasks\wp-content\plugins\advanced-custom-fields-pro\includes\validation.php on line 214
[13-Oct-2024 18:50:29 UTC] PHP Deprecated:  Creation of dynamic property acf_form_customizer::$preview_values is deprecated in C:\xampp\htdocs\wptasks\wp-content\plugins\advanced-custom-fields-pro\includes\forms\form-customizer.php on line 28
[13-Oct-2024 18:50:29 UTC] PHP Deprecated:  Creation of dynamic property acf_form_customizer::$preview_fields is deprecated in C:\xampp\htdocs\wptasks\wp-content\plugins\advanced-custom-fields-pro\includes\forms\form-customizer.php on line 29
[13-Oct-2024 18:50:29 UTC] PHP Deprecated:  Creation of dynamic property acf_form_customizer::$preview_errors is deprecated in C:\xampp\htdocs\wptasks\wp-content\plugins\advanced-custom-fields-pro\includes\forms\form-customizer.php on line 30
[13-Oct-2024 18:50:29 UTC] PHP Deprecated:  Creation of dynamic property ACF::$form_front is deprecated in C:\xampp\htdocs\wptasks\wp-content\plugins\advanced-custom-fields-pro\includes\forms\form-front.php on line 598
[13-Oct-2024 18:50:29 UTC] PHP Deprecated:  Creation of dynamic property acf_form_widget::$preview_values is deprecated in C:\xampp\htdocs\wptasks\wp-content\plugins\advanced-custom-fields-pro\includes\forms\form-widget.php on line 34
[13-Oct-2024 18:50:29 UTC] PHP Deprecated:  Creation of dynamic property acf_form_widget::$preview_reference is deprecated in C:\xampp\htdocs\wptasks\wp-content\plugins\advanced-custom-fields-pro\includes\forms\form-widget.php on line 35
[13-Oct-2024 18:50:29 UTC] PHP Deprecated:  Creation of dynamic property acf_form_widget::$preview_errors is deprecated in C:\xampp\htdocs\wptasks\wp-content\plugins\advanced-custom-fields-pro\includes\forms\form-widget.php on line 36
[13-Oct-2024 18:50:29 UTC] PHP Deprecated:  Creation of dynamic property ACF::$admin_tools is deprecated in C:\xampp\htdocs\wptasks\wp-content\plugins\advanced-custom-fields-pro\includes\admin\admin-tools.php on line 282
[13-Oct-2024 18:50:29 UTC] PHP Deprecated:  Creation of dynamic property acf_field_oembed::$width is deprecated in C:\xampp\htdocs\wptasks\wp-content\plugins\advanced-custom-fields-pro\includes\fields\class-acf-field-oembed.php on line 31
[13-Oct-2024 18:50:29 UTC] PHP Deprecated:  Creation of dynamic property acf_field_oembed::$height is deprecated in C:\xampp\htdocs\wptasks\wp-content\plugins\advanced-custom-fields-pro\includes\fields\class-acf-field-oembed.php on line 32
[13-Oct-2024 18:50:29 UTC] PHP Deprecated:  Creation of dynamic property acf_field_google_map::$default_values is deprecated in C:\xampp\htdocs\wptasks\wp-content\plugins\advanced-custom-fields-pro\includes\fields\class-acf-field-google-map.php on line 33
[13-Oct-2024 18:50:29 UTC] PHP Deprecated:  Creation of dynamic property acf_field__group::$have_rows is deprecated in C:\xampp\htdocs\wptasks\wp-content\plugins\advanced-custom-fields-pro\includes\fields\class-acf-field-group.php on line 31
[13-Oct-2024 18:50:29 UTC] PHP Deprecated:  Creation of dynamic property acf_field_clone::$cloning is deprecated in C:\xampp\htdocs\wptasks\wp-content\plugins\advanced-custom-fields-pro\pro\fields\class-acf-field-clone.php on line 34
[13-Oct-2024 18:50:29 UTC] PHP Deprecated:  Creation of dynamic property acf_field_clone::$have_rows is deprecated in C:\xampp\htdocs\wptasks\wp-content\plugins\advanced-custom-fields-pro\pro\fields\class-acf-field-clone.php on line 35
[13-Oct-2024 18:59:34 UTC] PHP Deprecated:  Creation of dynamic property ACF::$fields is deprecated in C:\xampp\htdocs\wptasks\wp-content\plugins\advanced-custom-fields-pro\includes\fields.php on line 138
[13-Oct-2024 18:59:34 UTC] PHP Deprecated:  Creation of dynamic property acf_loop::$loops is deprecated in C:\xampp\htdocs\wptasks\wp-content\plugins\advanced-custom-fields-pro\includes\loop.php on line 28
[13-Oct-2024 18:59:34 UTC] PHP Deprecated:  Creation of dynamic property ACF::$loop is deprecated in C:\xampp\htdocs\wptasks\wp-content\plugins\advanced-custom-fields-pro\includes\loop.php on line 269
[13-Oct-2024 18:59:34 UTC] PHP Deprecated:  Creation of dynamic property ACF::$revisions is deprecated in C:\xampp\htdocs\wptasks\wp-content\plugins\advanced-custom-fields-pro\includes\revisions.php on line 397
[13-Oct-2024 18:59:34 UTC] PHP Deprecated:  Creation of dynamic property acf_validation::$errors is deprecated in C:\xampp\htdocs\wptasks\wp-content\plugins\advanced-custom-fields-pro\includes\validation.php on line 28
[13-Oct-2024 18:59:34 UTC] PHP Deprecated:  Creation of dynamic property ACF::$validation is deprecated in C:\xampp\htdocs\wptasks\wp-content\plugins\advanced-custom-fields-pro\includes\validation.php on line 214
[13-Oct-2024 18:59:34 UTC] PHP Deprecated:  Creation of dynamic property acf_form_customizer::$preview_values is deprecated in C:\xampp\htdocs\wptasks\wp-content\plugins\advanced-custom-fields-pro\includes\forms\form-customizer.php on line 28
[13-Oct-2024 18:59:34 UTC] PHP Deprecated:  Creation of dynamic property acf_form_customizer::$preview_fields is deprecated in C:\xampp\htdocs\wptasks\wp-content\plugins\advanced-custom-fields-pro\includes\forms\form-customizer.php on line 29
[13-Oct-2024 18:59:34 UTC] PHP Deprecated:  Creation of dynamic property acf_form_customizer::$preview_errors is deprecated in C:\xampp\htdocs\wptasks\wp-content\plugins\advanced-custom-fields-pro\includes\forms\form-customizer.php on line 30
[13-Oct-2024 18:59:34 UTC] PHP Deprecated:  Creation of dynamic property ACF::$form_front is deprecated in C:\xampp\htdocs\wptasks\wp-content\plugins\advanced-custom-fields-pro\includes\forms\form-front.php on line 598
[13-Oct-2024 18:59:34 UTC] PHP Deprecated:  Creation of dynamic property acf_form_widget::$preview_values is deprecated in C:\xampp\htdocs\wptasks\wp-content\plugins\advanced-custom-fields-pro\includes\forms\form-widget.php on line 34
[13-Oct-2024 18:59:34 UTC] PHP Deprecated:  Creation of dynamic property acf_form_widget::$preview_reference is deprecated in C:\xampp\htdocs\wptasks\wp-content\plugins\advanced-custom-fields-pro\includes\forms\form-widget.php on line 35
[13-Oct-2024 18:59:34 UTC] PHP Deprecated:  Creation of dynamic property acf_form_widget::$preview_errors is deprecated in C:\xampp\htdocs\wptasks\wp-content\plugins\advanced-custom-fields-pro\includes\forms\form-widget.php on line 36
[13-Oct-2024 18:59:34 UTC] PHP Deprecated:  Creation of dynamic property ACF::$admin_tools is deprecated in C:\xampp\htdocs\wptasks\wp-content\plugins\advanced-custom-fields-pro\includes\admin\admin-tools.php on line 282
[13-Oct-2024 18:59:34 UTC] PHP Deprecated:  Creation of dynamic property acf_field_oembed::$width is deprecated in C:\xampp\htdocs\wptasks\wp-content\plugins\advanced-custom-fields-pro\includes\fields\class-acf-field-oembed.php on line 31
[13-Oct-2024 18:59:34 UTC] PHP Deprecated:  Creation of dynamic property acf_field_oembed::$height is deprecated in C:\xampp\htdocs\wptasks\wp-content\plugins\advanced-custom-fields-pro\includes\fields\class-acf-field-oembed.php on line 32
[13-Oct-2024 18:59:34 UTC] PHP Deprecated:  Creation of dynamic property acf_field_google_map::$default_values is deprecated in C:\xampp\htdocs\wptasks\wp-content\plugins\advanced-custom-fields-pro\includes\fields\class-acf-field-google-map.php on line 33
[13-Oct-2024 18:59:34 UTC] PHP Deprecated:  Creation of dynamic property acf_field__group::$have_rows is deprecated in C:\xampp\htdocs\wptasks\wp-content\plugins\advanced-custom-fields-pro\includes\fields\class-acf-field-group.php on line 31
[13-Oct-2024 18:59:34 UTC] PHP Deprecated:  Creation of dynamic property acf_field_clone::$cloning is deprecated in C:\xampp\htdocs\wptasks\wp-content\plugins\advanced-custom-fields-pro\pro\fields\class-acf-field-clone.php on line 34
[13-Oct-2024 18:59:34 UTC] PHP Deprecated:  Creation of dynamic property acf_field_clone::$have_rows is deprecated in C:\xampp\htdocs\wptasks\wp-content\plugins\advanced-custom-fields-pro\pro\fields\class-acf-field-clone.php on line 35
[13-Oct-2024 19:00:34 UTC] PHP Deprecated:  Creation of dynamic property ACF::$fields is deprecated in C:\xampp\htdocs\wptasks\wp-content\plugins\advanced-custom-fields-pro\includes\fields.php on line 138
[13-Oct-2024 19:00:34 UTC] PHP Deprecated:  Creation of dynamic property acf_loop::$loops is deprecated in C:\xampp\htdocs\wptasks\wp-content\plugins\advanced-custom-fields-pro\includes\loop.php on line 28
[13-Oct-2024 19:00:34 UTC] PHP Deprecated:  Creation of dynamic property ACF::$loop is deprecated in C:\xampp\htdocs\wptasks\wp-content\plugins\advanced-custom-fields-pro\includes\loop.php on line 269
[13-Oct-2024 19:00:34 UTC] PHP Deprecated:  Creation of dynamic property ACF::$revisions is deprecated in C:\xampp\htdocs\wptasks\wp-content\plugins\advanced-custom-fields-pro\includes\revisions.php on line 397
[13-Oct-2024 19:00:34 UTC] PHP Deprecated:  Creation of dynamic property acf_validation::$errors is deprecated in C:\xampp\htdocs\wptasks\wp-content\plugins\advanced-custom-fields-pro\includes\validation.php on line 28
[13-Oct-2024 19:00:34 UTC] PHP Deprecated:  Creation of dynamic property ACF::$validation is deprecated in C:\xampp\htdocs\wptasks\wp-content\plugins\advanced-custom-fields-pro\includes\validation.php on line 214
[13-Oct-2024 19:00:34 UTC] PHP Deprecated:  Creation of dynamic property acf_form_customizer::$preview_values is deprecated in C:\xampp\htdocs\wptasks\wp-content\plugins\advanced-custom-fields-pro\includes\forms\form-customizer.php on line 28
[13-Oct-2024 19:00:34 UTC] PHP Deprecated:  Creation of dynamic property acf_form_customizer::$preview_fields is deprecated in C:\xampp\htdocs\wptasks\wp-content\plugins\advanced-custom-fields-pro\includes\forms\form-customizer.php on line 29
[13-Oct-2024 19:00:34 UTC] PHP Deprecated:  Creation of dynamic property acf_form_customizer::$preview_errors is deprecated in C:\xampp\htdocs\wptasks\wp-content\plugins\advanced-custom-fields-pro\includes\forms\form-customizer.php on line 30
[13-Oct-2024 19:00:34 UTC] PHP Deprecated:  Creation of dynamic property ACF::$form_front is deprecated in C:\xampp\htdocs\wptasks\wp-content\plugins\advanced-custom-fields-pro\includes\forms\form-front.php on line 598
[13-Oct-2024 19:00:34 UTC] PHP Deprecated:  Creation of dynamic property acf_form_widget::$preview_values is deprecated in C:\xampp\htdocs\wptasks\wp-content\plugins\advanced-custom-fields-pro\includes\forms\form-widget.php on line 34
[13-Oct-2024 19:00:34 UTC] PHP Deprecated:  Creation of dynamic property acf_form_widget::$preview_reference is deprecated in C:\xampp\htdocs\wptasks\wp-content\plugins\advanced-custom-fields-pro\includes\forms\form-widget.php on line 35
[13-Oct-2024 19:00:34 UTC] PHP Deprecated:  Creation of dynamic property acf_form_widget::$preview_errors is deprecated in C:\xampp\htdocs\wptasks\wp-content\plugins\advanced-custom-fields-pro\includes\forms\form-widget.php on line 36
[13-Oct-2024 19:00:34 UTC] PHP Deprecated:  Creation of dynamic property ACF::$admin_tools is deprecated in C:\xampp\htdocs\wptasks\wp-content\plugins\advanced-custom-fields-pro\includes\admin\admin-tools.php on line 282
[13-Oct-2024 19:00:34 UTC] PHP Deprecated:  Creation of dynamic property acf_field_oembed::$width is deprecated in C:\xampp\htdocs\wptasks\wp-content\plugins\advanced-custom-fields-pro\includes\fields\class-acf-field-oembed.php on line 31
[13-Oct-2024 19:00:34 UTC] PHP Deprecated:  Creation of dynamic property acf_field_oembed::$height is deprecated in C:\xampp\htdocs\wptasks\wp-content\plugins\advanced-custom-fields-pro\includes\fields\class-acf-field-oembed.php on line 32
[13-Oct-2024 19:00:34 UTC] PHP Deprecated:  Creation of dynamic property acf_field_google_map::$default_values is deprecated in C:\xampp\htdocs\wptasks\wp-content\plugins\advanced-custom-fields-pro\includes\fields\class-acf-field-google-map.php on line 33
[13-Oct-2024 19:00:34 UTC] PHP Deprecated:  Creation of dynamic property acf_field__group::$have_rows is deprecated in C:\xampp\htdocs\wptasks\wp-content\plugins\advanced-custom-fields-pro\includes\fields\class-acf-field-group.php on line 31
[13-Oct-2024 19:00:34 UTC] PHP Deprecated:  Creation of dynamic property acf_field_clone::$cloning is deprecated in C:\xampp\htdocs\wptasks\wp-content\plugins\advanced-custom-fields-pro\pro\fields\class-acf-field-clone.php on line 34
[13-Oct-2024 19:00:34 UTC] PHP Deprecated:  Creation of dynamic property acf_field_clone::$have_rows is deprecated in C:\xampp\htdocs\wptasks\wp-content\plugins\advanced-custom-fields-pro\pro\fields\class-acf-field-clone.php on line 35
